<?xml version="1.0" encoding="UTF-8"?>
<!-- Generated by org.testng.reporters.JUnitReportReporter -->
<testsuite hostname="LAPTOP-2DD4B8LH" failures="0" tests="1" name="loginModule.TC01_Test" time="2.458" errors="0" timestamp="2022-09-23T13:48:04 IST" skipped="0">
  <testcase classname="loginModule.TC01_Test" name="validate_whether_user_login_with_valid_credentials" time="2.458"/>
  <system-out/>
</testsuite> <!-- loginModule.TC01_Test -->
