<?xml version="1.0" encoding="UTF-8"?>
<!-- Generated by org.testng.reporters.JUnitReportReporter -->
<testsuite hostname="LAPTOP-2DD4B8LH" failures="0" tests="1" name="extentreports.demo1" time="0.729" errors="0" timestamp="2022-09-26T16:05:01 IST" skipped="0">
  <testcase classname="extentreports.demo1" name="thereport" time="0.729"/>
  <system-out/>
</testsuite> <!-- extentreports.demo1 -->
