<?xml version="1.0" encoding="UTF-8"?>
<!-- Generated by org.testng.reporters.JUnitReportReporter -->
<testsuite hostname="LAPTOP-2DD4B8LH" failures="0" tests="1" name="extentreports.demoofextentreports1" time="0.754" errors="0" timestamp="2022-09-26T16:12:19 IST" skipped="0">
  <testcase classname="extentreports.demoofextentreports1" name="thereport" time="0.754"/>
  <system-out/>
</testsuite> <!-- extentreports.demoofextentreports1 -->
