<?xml version="1.0" encoding="UTF-8"?>
<!-- Generated by org.testng.reporters.JUnitReportReporter -->
<testsuite hostname="LAPTOP-2DD4B8LH" failures="0" tests="1" name="extentreports.ScriptER1" time="6.374" errors="0" timestamp="2022-09-26T16:26:11 IST" skipped="0">
  <testcase classname="extentreports.ScriptER1" name="launchFB" time="6.374"/>
  <system-out/>
</testsuite> <!-- extentreports.ScriptER1 -->
