<?xml version="1.0" encoding="UTF-8"?>
<!-- Generated by org.testng.reporters.JUnitReportReporter -->
<testsuite hostname="LAPTOP-2DD4B8LH" failures="0" tests="1" name="amazon.TC04_Test" time="18.923" errors="0" timestamp="2022-09-26T22:05:49 IST" skipped="0">
  <testcase classname="amazon.TC04_Test" name="click_on_a_product" time="18.923"/>
  <system-out/>
</testsuite> <!-- amazon.TC04_Test -->
