<?xml version="1.0" encoding="UTF-8"?>
<!-- Generated by org.testng.reporters.JUnitReportReporter -->
<testsuite hostname="LAPTOP-2DD4B8LH" failures="0" tests="1" name="amazon.TC01_Test" time="2.953" errors="0" timestamp="2022-09-26T14:11:16 IST" skipped="0">
  <testcase classname="amazon.TC01_Test" name="entering_valid_login_credentials" time="2.953"/>
  <system-out/>
</testsuite> <!-- amazon.TC01_Test -->
