<?xml version="1.0" encoding="UTF-8"?>
<!-- Generated by org.testng.reporters.JUnitReportReporter -->
<testsuite hostname="LAPTOP-2DD4B8LH" failures="0" tests="1" name="mavenexecutions.facebookTest" time="8.644" errors="0" timestamp="2022-09-19T20:23:14 IST" skipped="0">
  <testcase classname="mavenexecutions.facebookTest" name="launchfb" time="8.644"/>
  <system-out/>
</testsuite> <!-- mavenexecutions.facebookTest -->
