<?xml version="1.0" encoding="UTF-8"?>
<!-- Generated by org.testng.reporters.JUnitReportReporter -->
<testsuite hostname="LAPTOP-2DD4B8LH" failures="0" tests="1" name="crossbrowsertesting.TestCase1" time="9.867" errors="0" timestamp="2022-09-20T15:53:13 IST" skipped="0">
  <testcase classname="crossbrowsertesting.TestCase1" name="print" time="9.867"/>
  <system-out/>
</testsuite> <!-- crossbrowsertesting.TestCase1 -->
