<?xml version="1.0" encoding="UTF-8"?>
<!-- Generated by org.testng.reporters.JUnitReportReporter -->
<testsuite hostname="LAPTOP-2DD4B8LH" failures="0" tests="1" name="testcases.tc2_Test" time="5.963" errors="0" timestamp="2022-09-19T20:26:51 IST" skipped="0">
  <testcase classname="testcases.tc2_Test" name="launchzomato" time="5.963"/>
  <system-out/>
</testsuite> <!-- testcases.tc2_Test -->
