<?xml version="1.0" encoding="UTF-8"?>
<!-- Generated by org.testng.reporters.JUnitReportReporter -->
<testsuite hostname="LAPTOP-2DD4B8LH" failures="0" tests="1" name="TestScripts.TestCase" time="0.000" errors="0" timestamp="2022-09-16T12:39:52 IST" skipped="1">
  <testcase classname="TestScripts.TestCase" name="run" time="0.000">
    <skipped/>
  </testcase> <!-- run -->
  <system-out/>
</testsuite> <!-- TestScripts.TestCase -->
