<?xml version="1.0" encoding="UTF-8"?>
<!-- Generated by org.testng.reporters.JUnitReportReporter -->
<testsuite hostname="LAPTOP-2DD4B8LH" failures="0" tests="3" name="DDT.TestScript" time="23.285" errors="0" timestamp="2022-09-15T11:40:26 IST" skipped="0">
  <testcase classname="DDT.TestScript" name="read" time="6.922"/>
  <system-out/>
  <testcase classname="DDT.TestScript" name="read" time="8.864"/>
  <system-out/>
  <testcase classname="DDT.TestScript" name="read" time="7.499"/>
  <system-out/>
</testsuite> <!-- DDT.TestScript -->
