<?xml version="1.0" encoding="UTF-8"?>
<!-- Generated by org.testng.reporters.JUnitReportReporter -->
<testsuite hostname="LAPTOP-2DD4B8LH" failures="0" tests="1" name="mavenexecutions.instaTest" time="33.204" errors="0" timestamp="2022-09-19T20:23:14 IST" skipped="0">
  <testcase classname="mavenexecutions.instaTest" name="launchinsta" time="33.204"/>
  <system-out/>
</testsuite> <!-- mavenexecutions.instaTest -->
