<?xml version="1.0" encoding="UTF-8"?>
<!-- Generated by org.testng.reporters.JUnitReportReporter -->
<testsuite hostname="LAPTOP-2DD4B8LH" failures="0" tests="1" name="TestScripts.DataProvider" time="0.000" errors="0" timestamp="2022-09-14T14:55:21 IST" skipped="1">
  <testcase classname="TestScripts.DataProvider" name="demoTC" time="0.000">
    <skipped/>
  </testcase> <!-- demoTC -->
  <system-out/>
</testsuite> <!-- TestScripts.DataProvider -->
