<?xml version="1.0" encoding="UTF-8"?>
<!-- Generated by org.testng.reporters.JUnitReportReporter -->
<testsuite hostname="LAPTOP-2DD4B8LH" failures="0" tests="2" name="crossbrowsertesting.parallellaunch" time="36.163" errors="0" timestamp="2022-09-21T15:56:33 IST" skipped="0">
  <testcase classname="crossbrowsertesting.parallellaunch" name="print" time="22.459"/>
  <system-out/>
  <testcase classname="crossbrowsertesting.parallellaunch" name="print" time="13.704"/>
  <system-out/>
</testsuite> <!-- crossbrowsertesting.parallellaunch -->
