<?xml version="1.0" encoding="UTF-8"?>
<!-- Generated by org.testng.reporters.JUnitReportReporter -->
<testsuite hostname="LAPTOP-2DD4B8LH" failures="0" tests="1" name="testcases.tc3_Test" time="12.436" errors="0" timestamp="2022-09-19T20:23:14 IST" skipped="0">
  <testcase classname="testcases.tc3_Test" name="launchmyntra" time="12.436"/>
  <system-out/>
</testsuite> <!-- testcases.tc3_Test -->
