<?xml version="1.0" encoding="UTF-8"?>
<!-- Generated by org.testng.reporters.JUnitReportReporter -->
<testsuite hostname="LAPTOP-2DD4B8LH" failures="0" tests="1" name="testcases.tc4_Test" time="11.293" errors="0" timestamp="2022-09-20T13:15:01 IST" skipped="0">
  <testcase classname="testcases.tc4_Test" name="launchajio" time="11.293"/>
  <system-out/>
</testsuite> <!-- testcases.tc4_Test -->
